0 info it worked if it ends with ok
1 verbose cli [ 'C:\\Program Files\\nodejs\\node.exe',
1 verbose cli   'C:\\Program Files\\nodejs\\node_modules\\npm\\bin\\npm-cli.js',
1 verbose cli   'i',
1 verbose cli   'yuidoc',
1 verbose cli   '-g' ]
2 info using npm@3.10.3
3 info using node@v6.5.0
4 silly loadCurrentTree Starting
5 silly install loadCurrentTree
6 silly install readGlobalPackageData
7 silly fetchPackageMetaData yuidoc
8 silly fetchNamedPackageData yuidoc
9 silly mapToRegistry name yuidoc
10 silly mapToRegistry using default registry
11 silly mapToRegistry registry http://registry.cnpmjs.org/
12 silly mapToRegistry data Result {
12 silly mapToRegistry   raw: 'yuidoc',
12 silly mapToRegistry   scope: null,
12 silly mapToRegistry   escapedName: 'yuidoc',
12 silly mapToRegistry   name: 'yuidoc',
12 silly mapToRegistry   rawSpec: '',
12 silly mapToRegistry   spec: 'latest',
12 silly mapToRegistry   type: 'tag' }
13 silly mapToRegistry uri http://registry.cnpmjs.org/yuidoc
14 verbose request uri http://registry.cnpmjs.org/yuidoc
15 verbose request no auth needed
16 info attempt registry request try #1 at 15:55:45
17 verbose request id fb7af3e11158a5ed
18 http request GET http://registry.cnpmjs.org/yuidoc
19 http 404 http://registry.cnpmjs.org/yuidoc
20 verbose headers { server: 'nginx/1.4.6 (Ubuntu)',
20 verbose headers   date: 'Wed, 05 Jul 2017 07:57:16 GMT',
20 verbose headers   'content-type': 'application/json; charset=utf-8',
20 verbose headers   'transfer-encoding': 'chunked',
20 verbose headers   connection: 'keep-alive',
20 verbose headers   'x-current-requests': '1',
20 verbose headers   'x-readtime': '7',
20 verbose headers   'content-encoding': 'gzip' }
21 silly get cb [ 404,
21 silly get   { server: 'nginx/1.4.6 (Ubuntu)',
21 silly get     date: 'Wed, 05 Jul 2017 07:57:16 GMT',
21 silly get     'content-type': 'application/json; charset=utf-8',
21 silly get     'transfer-encoding': 'chunked',
21 silly get     connection: 'keep-alive',
21 silly get     'x-current-requests': '1',
21 silly get     'x-readtime': '7',
21 silly get     'content-encoding': 'gzip' } ]
22 silly fetchPackageMetaData Error: 404 Not Found: yuidoc
22 silly fetchPackageMetaData     at makeError (C:\Program Files\nodejs\node_modules\npm\node_modules\npm-registry-client\lib\request.js:264:12)
22 silly fetchPackageMetaData     at CachingRegistryClient.<anonymous> (C:\Program Files\nodejs\node_modules\npm\node_modules\npm-registry-client\lib\request.js:250:14)
22 silly fetchPackageMetaData     at C:\Program Files\nodejs\node_modules\npm\node_modules\npm-registry-client\lib\request.js:178:7
22 silly fetchPackageMetaData     at Gunzip.onEnd (zlib.js:227:5)
22 silly fetchPackageMetaData     at emitNone (events.js:91:20)
22 silly fetchPackageMetaData     at Gunzip.emit (events.js:185:7)
22 silly fetchPackageMetaData     at endReadableNT (_stream_readable.js:974:12)
22 silly fetchPackageMetaData     at _combinedTickCallback (internal/process/next_tick.js:74:11)
22 silly fetchPackageMetaData     at process._tickCallback (internal/process/next_tick.js:98:9)
22 silly fetchPackageMetaData  error for yuidoc { Error: 404 Not Found: yuidoc
22 silly fetchPackageMetaData     at makeError (C:\Program Files\nodejs\node_modules\npm\node_modules\npm-registry-client\lib\request.js:264:12)
22 silly fetchPackageMetaData     at CachingRegistryClient.<anonymous> (C:\Program Files\nodejs\node_modules\npm\node_modules\npm-registry-client\lib\request.js:250:14)
22 silly fetchPackageMetaData     at C:\Program Files\nodejs\node_modules\npm\node_modules\npm-registry-client\lib\request.js:178:7
22 silly fetchPackageMetaData     at Gunzip.onEnd (zlib.js:227:5)
22 silly fetchPackageMetaData     at emitNone (events.js:91:20)
22 silly fetchPackageMetaData     at Gunzip.emit (events.js:185:7)
22 silly fetchPackageMetaData     at endReadableNT (_stream_readable.js:974:12)
22 silly fetchPackageMetaData     at _combinedTickCallback (internal/process/next_tick.js:74:11)
22 silly fetchPackageMetaData     at process._tickCallback (internal/process/next_tick.js:98:9) pkgid: 'yuidoc', statusCode: 404, code: 'E404' }
23 silly rollbackFailedOptional Starting
24 silly rollbackFailedOptional Finishing
25 silly runTopLevelLifecycles Starting
26 silly runTopLevelLifecycles Finishing
27 silly install printInstalled
28 verbose stack Error: 404 Not Found: yuidoc
28 verbose stack     at makeError (C:\Program Files\nodejs\node_modules\npm\node_modules\npm-registry-client\lib\request.js:264:12)
28 verbose stack     at CachingRegistryClient.<anonymous> (C:\Program Files\nodejs\node_modules\npm\node_modules\npm-registry-client\lib\request.js:250:14)
28 verbose stack     at C:\Program Files\nodejs\node_modules\npm\node_modules\npm-registry-client\lib\request.js:178:7
28 verbose stack     at Gunzip.onEnd (zlib.js:227:5)
28 verbose stack     at emitNone (events.js:91:20)
28 verbose stack     at Gunzip.emit (events.js:185:7)
28 verbose stack     at endReadableNT (_stream_readable.js:974:12)
28 verbose stack     at _combinedTickCallback (internal/process/next_tick.js:74:11)
28 verbose stack     at process._tickCallback (internal/process/next_tick.js:98:9)
29 verbose statusCode 404
30 verbose pkgid yuidoc
31 verbose cwd E:\git\Meek
32 error Windows_NT 10.0.10586
33 error argv "C:\\Program Files\\nodejs\\node.exe" "C:\\Program Files\\nodejs\\node_modules\\npm\\bin\\npm-cli.js" "i" "yuidoc" "-g"
34 error node v6.5.0
35 error npm  v3.10.3
36 error code E404
37 error 404 Not Found: yuidoc
38 error 404
39 error 404 'yuidoc' is not in the npm registry.
40 error 404 You should bug the author to publish it (or use the name yourself!)
41 error 404 Note that you can also install from a
42 error 404 tarball, folder, http url, or git url.
43 verbose exit [ 1, true ]
